<?xml version="1.0" encoding="UTF-8"?>
<checkstyle version="8.19">
<file name="/var/home/lpetrovi/IdeaProjects/optaplanner/optaplanner-integration/optaplanner-spring-boot-autoconfigure/src/main/java/org/optaplanner/spring/boot/autoconfigure/OptaPlannerAutoConfiguration.java">
</file>
<file name="/var/home/lpetrovi/IdeaProjects/optaplanner/optaplanner-integration/optaplanner-spring-boot-autoconfigure/src/main/java/org/optaplanner/spring/boot/autoconfigure/OptaPlannerProperties.java">
</file>
<file name="/var/home/lpetrovi/IdeaProjects/optaplanner/optaplanner-integration/optaplanner-spring-boot-autoconfigure/src/main/java/org/optaplanner/spring/boot/autoconfigure/SolverManagerProperties.java">
</file>
<file name="/var/home/lpetrovi/IdeaProjects/optaplanner/optaplanner-integration/optaplanner-spring-boot-autoconfigure/src/main/java/org/optaplanner/spring/boot/autoconfigure/SolverProperties.java">
</file>
<file name="/var/home/lpetrovi/IdeaProjects/optaplanner/optaplanner-integration/optaplanner-spring-boot-autoconfigure/src/main/java/org/optaplanner/spring/boot/autoconfigure/TerminationProperties.java">
</file>
<file name="/var/home/lpetrovi/IdeaProjects/optaplanner/optaplanner-integration/optaplanner-spring-boot-autoconfigure/src/test/java/org/optaplanner/spring/boot/autoconfigure/OptaPlannerAutoConfigurationTest.java">
</file>
<file name="/var/home/lpetrovi/IdeaProjects/optaplanner/optaplanner-integration/optaplanner-spring-boot-autoconfigure/src/test/java/org/optaplanner/spring/boot/autoconfigure/chained/ChainedSpringTestConfiguration.java">
</file>
<file name="/var/home/lpetrovi/IdeaProjects/optaplanner/optaplanner-integration/optaplanner-spring-boot-autoconfigure/src/test/java/org/optaplanner/spring/boot/autoconfigure/chained/constraints/TestdataChainedSpringConstraintProvider.java">
</file>
<file name="/var/home/lpetrovi/IdeaProjects/optaplanner/optaplanner-integration/optaplanner-spring-boot-autoconfigure/src/test/java/org/optaplanner/spring/boot/autoconfigure/chained/domain/TestdataChainedSpringAnchor.java">
</file>
<file name="/var/home/lpetrovi/IdeaProjects/optaplanner/optaplanner-integration/optaplanner-spring-boot-autoconfigure/src/test/java/org/optaplanner/spring/boot/autoconfigure/chained/domain/TestdataChainedSpringEntity.java">
</file>
<file name="/var/home/lpetrovi/IdeaProjects/optaplanner/optaplanner-integration/optaplanner-spring-boot-autoconfigure/src/test/java/org/optaplanner/spring/boot/autoconfigure/chained/domain/TestdataChainedSpringObject.java">
</file>
<file name="/var/home/lpetrovi/IdeaProjects/optaplanner/optaplanner-integration/optaplanner-spring-boot-autoconfigure/src/test/java/org/optaplanner/spring/boot/autoconfigure/chained/domain/TestdataChainedSpringSolution.java">
</file>
<file name="/var/home/lpetrovi/IdeaProjects/optaplanner/optaplanner-integration/optaplanner-spring-boot-autoconfigure/src/test/java/org/optaplanner/spring/boot/autoconfigure/normal/SpringTestConfiguration.java">
</file>
<file name="/var/home/lpetrovi/IdeaProjects/optaplanner/optaplanner-integration/optaplanner-spring-boot-autoconfigure/src/test/java/org/optaplanner/spring/boot/autoconfigure/normal/constraints/TestdataSpringConstraintProvider.java">
</file>
<file name="/var/home/lpetrovi/IdeaProjects/optaplanner/optaplanner-integration/optaplanner-spring-boot-autoconfigure/src/test/java/org/optaplanner/spring/boot/autoconfigure/normal/domain/TestdataSpringEntity.java">
</file>
<file name="/var/home/lpetrovi/IdeaProjects/optaplanner/optaplanner-integration/optaplanner-spring-boot-autoconfigure/src/test/java/org/optaplanner/spring/boot/autoconfigure/normal/domain/TestdataSpringSolution.java">
</file>
</checkstyle>
